Dec 11, 2018 11:14:37 AM org.apache.catalina.startup.VersionLoggerListener log
INFO: Server version:        Apache Tomcat/7.0.92
Dec 11, 2018 11:14:37 AM org.apache.catalina.startup.VersionLoggerListener log
INFO: Server built:          Nov 9 2018 11:07:44 UTC
Dec 11, 2018 11:14:37 AM org.apache.catalina.startup.VersionLoggerListener log
INFO: Server number:         7.0.92.0
Dec 11, 2018 11:14:37 AM org.apache.catalina.startup.VersionLoggerListener log
INFO: OS Name:               Windows 7
Dec 11, 2018 11:14:37 AM org.apache.catalina.startup.VersionLoggerListener log
INFO: OS Version:            6.1
Dec 11, 2018 11:14:37 AM org.apache.catalina.startup.VersionLoggerListener log
INFO: Architecture:          amd64
Dec 11, 2018 11:14:37 AM org.apache.catalina.startup.VersionLoggerListener log
INFO: Java Home:             C:\Program Files\Java\jdk1.8.0_20\jre
Dec 11, 2018 11:14:37 AM org.apache.catalina.startup.VersionLoggerListener log
INFO: JVM Version:           1.8.0_20-b26
Dec 11, 2018 11:14:37 AM org.apache.catalina.startup.VersionLoggerListener log
INFO: JVM Vendor:            Oracle Corporation
Dec 11, 2018 11:14:37 AM org.apache.catalina.startup.VersionLoggerListener log
INFO: CATALINA_BASE:         C:\Users\gaurav.srivastava\Downloads\apache-tomcat-7.0.92-windows-x64\apache-tomcat-7.0.92
Dec 11, 2018 11:14:37 AM org.apache.catalina.startup.VersionLoggerListener log
INFO: CATALINA_HOME:         C:\Users\gaurav.srivastava\Downloads\apache-tomcat-7.0.92-windows-x64\apache-tomcat-7.0.92
Dec 11, 2018 11:14:37 AM org.apache.catalina.startup.VersionLoggerListener log
INFO: Command line argument: -Djava.util.logging.config.file=C:\Users\gaurav.srivastava\Downloads\apache-tomcat-7.0.92-windows-x64\apache-tomcat-7.0.92\conf\logging.properties
Dec 11, 2018 11:14:37 AM org.apache.catalina.startup.VersionLoggerListener log
INFO: Command line argument: -Djava.util.logging.manager=org.apache.juli.ClassLoaderLogManager
Dec 11, 2018 11:14:37 AM org.apache.catalina.startup.VersionLoggerListener log
INFO: Command line argument: -Djdk.tls.ephemeralDHKeySize=2048
Dec 11, 2018 11:14:37 AM org.apache.catalina.startup.VersionLoggerListener log
INFO: Command line argument: -Dignore.endorsed.dirs=
Dec 11, 2018 11:14:37 AM org.apache.catalina.startup.VersionLoggerListener log
INFO: Command line argument: -Dcatalina.base=C:\Users\gaurav.srivastava\Downloads\apache-tomcat-7.0.92-windows-x64\apache-tomcat-7.0.92
Dec 11, 2018 11:14:37 AM org.apache.catalina.startup.VersionLoggerListener log
INFO: Command line argument: -Dcatalina.home=C:\Users\gaurav.srivastava\Downloads\apache-tomcat-7.0.92-windows-x64\apache-tomcat-7.0.92
Dec 11, 2018 11:14:37 AM org.apache.catalina.startup.VersionLoggerListener log
INFO: Command line argument: -Djava.io.tmpdir=C:\Users\gaurav.srivastava\Downloads\apache-tomcat-7.0.92-windows-x64\apache-tomcat-7.0.92\temp
Dec 11, 2018 11:14:37 AM org.apache.catalina.core.AprLifecycleListener lifecycleEvent
INFO: Loaded APR based Apache Tomcat Native library 1.2.18 using APR version 1.6.5.
Dec 11, 2018 11:14:37 AM org.apache.catalina.core.AprLifecycleListener lifecycleEvent
INFO: APR capabilities: IPv6 [true], sendfile [true], accept filters [false], random [true].
Dec 11, 2018 11:14:37 AM org.apache.catalina.core.AprLifecycleListener initializeSSL
INFO: OpenSSL successfully initialized (OpenSSL 1.1.1  11 Sep 2018)
Dec 11, 2018 11:14:40 AM org.apache.coyote.AbstractProtocol init
INFO: Initializing ProtocolHandler ["http-apr-8080"]
Dec 11, 2018 11:14:40 AM org.apache.coyote.AbstractProtocol init
INFO: Initializing ProtocolHandler ["ajp-apr-8009"]
Dec 11, 2018 11:14:40 AM org.apache.catalina.startup.Catalina load
INFO: Initialization processed in 4766 ms
Dec 11, 2018 11:14:40 AM org.apache.catalina.core.StandardService startInternal
INFO: Starting service Catalina
Dec 11, 2018 11:14:40 AM org.apache.catalina.core.StandardEngine startInternal
INFO: Starting Servlet Engine: Apache Tomcat/7.0.92
Dec 11, 2018 11:14:40 AM org.apache.catalina.startup.HostConfig deployDirectory
INFO: Deploying web application directory C:\Users\gaurav.srivastava\Downloads\apache-tomcat-7.0.92-windows-x64\apache-tomcat-7.0.92\webapps\docs
Dec 11, 2018 11:14:42 AM org.apache.catalina.util.SessionIdGeneratorBase createSecureRandom
WARNING: Creation of SecureRandom instance for session ID generation using [SHA1PRNG] took [400] milliseconds.
Dec 11, 2018 11:14:42 AM org.apache.catalina.startup.HostConfig deployDirectory
INFO: Deployment of web application directory C:\Users\gaurav.srivastava\Downloads\apache-tomcat-7.0.92-windows-x64\apache-tomcat-7.0.92\webapps\docs has finished in 2,088 ms
Dec 11, 2018 11:14:42 AM org.apache.catalina.startup.HostConfig deployDirectory
INFO: Deploying web application directory C:\Users\gaurav.srivastava\Downloads\apache-tomcat-7.0.92-windows-x64\apache-tomcat-7.0.92\webapps\examples
Dec 11, 2018 11:14:43 AM org.apache.catalina.startup.HostConfig deployDirectory
INFO: Deployment of web application directory C:\Users\gaurav.srivastava\Downloads\apache-tomcat-7.0.92-windows-x64\apache-tomcat-7.0.92\webapps\examples has finished in 1,083 ms
Dec 11, 2018 11:14:43 AM org.apache.catalina.startup.HostConfig deployDirectory
INFO: Deploying web application directory C:\Users\gaurav.srivastava\Downloads\apache-tomcat-7.0.92-windows-x64\apache-tomcat-7.0.92\webapps\host-manager
Dec 11, 2018 11:14:43 AM org.apache.catalina.startup.HostConfig deployDirectory
INFO: Deployment of web application directory C:\Users\gaurav.srivastava\Downloads\apache-tomcat-7.0.92-windows-x64\apache-tomcat-7.0.92\webapps\host-manager has finished in 194 ms
Dec 11, 2018 11:14:43 AM org.apache.catalina.startup.HostConfig deployDirectory
INFO: Deploying web application directory C:\Users\gaurav.srivastava\Downloads\apache-tomcat-7.0.92-windows-x64\apache-tomcat-7.0.92\webapps\manager
Dec 11, 2018 11:14:43 AM org.apache.catalina.startup.HostConfig deployDirectory
INFO: Deployment of web application directory C:\Users\gaurav.srivastava\Downloads\apache-tomcat-7.0.92-windows-x64\apache-tomcat-7.0.92\webapps\manager has finished in 156 ms
Dec 11, 2018 11:14:43 AM org.apache.catalina.startup.HostConfig deployDirectory
INFO: Deploying web application directory C:\Users\gaurav.srivastava\Downloads\apache-tomcat-7.0.92-windows-x64\apache-tomcat-7.0.92\webapps\ROOT
Dec 11, 2018 11:14:44 AM org.apache.catalina.startup.HostConfig deployDirectory
INFO: Deployment of web application directory C:\Users\gaurav.srivastava\Downloads\apache-tomcat-7.0.92-windows-x64\apache-tomcat-7.0.92\webapps\ROOT has finished in 110 ms
Dec 11, 2018 11:14:44 AM org.apache.coyote.AbstractProtocol start
INFO: Starting ProtocolHandler ["http-apr-8080"]
Dec 11, 2018 11:14:44 AM org.apache.coyote.AbstractProtocol start
INFO: Starting ProtocolHandler ["ajp-apr-8009"]
Dec 11, 2018 11:14:44 AM org.apache.catalina.startup.Catalina start
INFO: Server startup in 3999 ms
